  [1m[35m (7.0ms)[0m  [1m[35mCREATE DATABASE "bnb_clone_development" ENCODING = 'unicode'[0m
  [1m[35m (1.4ms)[0m  [1m[35mCREATE DATABASE "bnb_clone_test" ENCODING = 'unicode'[0m
  [1m[36mActiveRecord::SchemaMigration Pluck (6.7ms)[0m  [1m[34mSELECT "schema_migrations"."version" FROM "schema_migrations" ORDER BY "schema_migrations"."version" ASC[0m
  [1m[36mActiveRecord::InternalMetadata Pluck (4.7ms)[0m  [1m[34mSELECT "ar_internal_metadata"."value" FROM "ar_internal_metadata" WHERE "ar_internal_metadata"."key" = $1 LIMIT $2[0m  [["key", "environment"], ["LIMIT", 1]]
  [1m[36mActiveRecord::SchemaMigration Pluck (0.3ms)[0m  [1m[34mSELECT "schema_migrations"."version" FROM "schema_migrations" ORDER BY "schema_migrations"."version" ASC[0m
  [1m[36mActiveRecord::InternalMetadata Pluck (0.2ms)[0m  [1m[34mSELECT "ar_internal_metadata"."value" FROM "ar_internal_metadata" WHERE "ar_internal_metadata"."key" = $1 LIMIT $2[0m  [["key", "environment"], ["LIMIT", 1]]
  [1m[36mActiveRecord::SchemaMigration Pluck (0.2ms)[0m  [1m[34mSELECT "schema_migrations"."version" FROM "schema_migrations" ORDER BY "schema_migrations"."version" ASC[0m
  [1m[36mActiveRecord::InternalMetadata Pluck (0.6ms)[0m  [1m[34mSELECT "ar_internal_metadata"."value" FROM "ar_internal_metadata" WHERE "ar_internal_metadata"."key" = $1 LIMIT $2[0m  [["key", "environment"], ["LIMIT", 1]]
  [1m[35m (96.7ms)[0m  [1m[35mDROP DATABASE IF EXISTS "bnb_clone_development"[0m
  [1m[35m (39.5ms)[0m  [1m[35mDROP DATABASE IF EXISTS "bnb_clone_test"[0m
  [1m[35m (962.4ms)[0m  [1m[35mCREATE DATABASE "bnb_clone_development" ENCODING = 'unicode'[0m
  [1m[35m (183.7ms)[0m  [1m[35mCREATE DATABASE "bnb_clone_test" ENCODING = 'unicode'[0m
Started GET "/" for ::1 at 2023-02-14 10:44:29 +0100
  [1m[35m (18.4ms)[0m  [1m[35mCREATE TABLE "schema_migrations" ("version" character varying NOT NULL PRIMARY KEY)[0m
  [1m[35m (7.5ms)[0m  [1m[35mCREATE TABLE "ar_internal_metadata" ("key" character varying NOT NULL PRIMARY KEY, "value" character varying, "created_at" timestamp(6) NOT NULL, "updated_at" timestamp(6) NOT NULL)[0m
  [1m[36mActiveRecord::SchemaMigration Pluck (2.2ms)[0m  [1m[34mSELECT "schema_migrations"."version" FROM "schema_migrations" ORDER BY "schema_migrations"."version" ASC[0m
  
ActiveRecord::PendingMigrationError (

Migrations are pending. To resolve this issue, run:

        bin/rails db:migrate RAILS_ENV=development

You have 1 pending migration:

20230210161829_devise_create_users.rb


):
  
activerecord (7.0.4.2) lib/active_record/migration.rb:627:in `check_pending!'
activerecord (7.0.4.2) lib/active_record/migration.rb:592:in `block (2 levels) in call'
activesupport (7.0.4.2) lib/active_support/file_update_checker.rb:83:in `execute'
activerecord (7.0.4.2) lib/active_record/migration.rb:597:in `block in call'
activerecord (7.0.4.2) lib/active_record/migration.rb:589:in `synchronize'
activerecord (7.0.4.2) lib/active_record/migration.rb:589:in `call'
actionpack (7.0.4.2) lib/action_dispatch/middleware/callbacks.rb:27:in `block in call'
activesupport (7.0.4.2) lib/active_support/callbacks.rb:99:in `run_callbacks'
actionpack (7.0.4.2) lib/action_dispatch/middleware/callbacks.rb:26:in `call'
actionpack (7.0.4.2) lib/action_dispatch/middleware/executor.rb:14:in `call'
actionpack (7.0.4.2) lib/action_dispatch/middleware/actionable_exceptions.rb:17:in `call'
actionpack (7.0.4.2) lib/action_dispatch/middleware/debug_exceptions.rb:28:in `call'
web-console (4.2.0) lib/web_console/middleware.rb:132:in `call_app'
web-console (4.2.0) lib/web_console/middleware.rb:28:in `block in call'
web-console (4.2.0) lib/web_console/middleware.rb:17:in `catch'
web-console (4.2.0) lib/web_console/middleware.rb:17:in `call'
actionpack (7.0.4.2) lib/action_dispatch/middleware/show_exceptions.rb:26:in `call'
railties (7.0.4.2) lib/rails/rack/logger.rb:40:in `call_app'
railties (7.0.4.2) lib/rails/rack/logger.rb:25:in `block in call'
activesupport (7.0.4.2) lib/active_support/tagged_logging.rb:99:in `block in tagged'
activesupport (7.0.4.2) lib/active_support/tagged_logging.rb:37:in `tagged'
activesupport (7.0.4.2) lib/active_support/tagged_logging.rb:99:in `tagged'
railties (7.0.4.2) lib/rails/rack/logger.rb:25:in `call'
sprockets-rails (3.4.2) lib/sprockets/rails/quiet_assets.rb:13:in `call'
actionpack (7.0.4.2) lib/action_dispatch/middleware/remote_ip.rb:93:in `call'
actionpack (7.0.4.2) lib/action_dispatch/middleware/request_id.rb:26:in `call'
rack (2.2.6.2) lib/rack/method_override.rb:24:in `call'
rack (2.2.6.2) lib/rack/runtime.rb:22:in `call'
activesupport (7.0.4.2) lib/active_support/cache/strategy/local_cache_middleware.rb:29:in `call'
actionpack (7.0.4.2) lib/action_dispatch/middleware/server_timing.rb:61:in `block in call'
actionpack (7.0.4.2) lib/action_dispatch/middleware/server_timing.rb:26:in `collect_events'
actionpack (7.0.4.2) lib/action_dispatch/middleware/server_timing.rb:60:in `call'
actionpack (7.0.4.2) lib/action_dispatch/middleware/executor.rb:14:in `call'
actionpack (7.0.4.2) lib/action_dispatch/middleware/static.rb:23:in `call'
rack (2.2.6.2) lib/rack/sendfile.rb:110:in `call'
actionpack (7.0.4.2) lib/action_dispatch/middleware/host_authorization.rb:137:in `call'
railties (7.0.4.2) lib/rails/engine.rb:530:in `call'
puma (5.6.5) lib/puma/configuration.rb:252:in `call'
puma (5.6.5) lib/puma/request.rb:77:in `block in handle_request'
puma (5.6.5) lib/puma/thread_pool.rb:340:in `with_force_shutdown'
puma (5.6.5) lib/puma/request.rb:76:in `handle_request'
puma (5.6.5) lib/puma/server.rb:443:in `process_client'
puma (5.6.5) lib/puma/thread_pool.rb:147:in `block in spawn_thread'
Started GET "/" for ::1 at 2023-02-14 10:44:29 +0100
  [1m[36mActiveRecord::SchemaMigration Pluck (0.2ms)[0m  [1m[34mSELECT "schema_migrations"."version" FROM "schema_migrations" ORDER BY "schema_migrations"."version" ASC[0m
  [1m[36mCACHE ActiveRecord::SchemaMigration Pluck (0.0ms)[0m  [1m[34mSELECT "schema_migrations"."version" FROM "schema_migrations" ORDER BY "schema_migrations"."version" ASC[0m
  
ActiveRecord::PendingMigrationError (

Migrations are pending. To resolve this issue, run:

        bin/rails db:migrate RAILS_ENV=development

You have 1 pending migration:

20230210161829_devise_create_users.rb


):
  
activerecord (7.0.4.2) lib/active_record/migration.rb:627:in `check_pending!'
activerecord (7.0.4.2) lib/active_record/migration.rb:592:in `block (2 levels) in call'
activesupport (7.0.4.2) lib/active_support/file_update_checker.rb:83:in `execute'
activerecord (7.0.4.2) lib/active_record/migration.rb:597:in `block in call'
activerecord (7.0.4.2) lib/active_record/migration.rb:589:in `synchronize'
activerecord (7.0.4.2) lib/active_record/migration.rb:589:in `call'
actionpack (7.0.4.2) lib/action_dispatch/middleware/callbacks.rb:27:in `block in call'
activesupport (7.0.4.2) lib/active_support/callbacks.rb:99:in `run_callbacks'
actionpack (7.0.4.2) lib/action_dispatch/middleware/callbacks.rb:26:in `call'
actionpack (7.0.4.2) lib/action_dispatch/middleware/executor.rb:14:in `call'
actionpack (7.0.4.2) lib/action_dispatch/middleware/actionable_exceptions.rb:17:in `call'
actionpack (7.0.4.2) lib/action_dispatch/middleware/debug_exceptions.rb:28:in `call'
web-console (4.2.0) lib/web_console/middleware.rb:132:in `call_app'
web-console (4.2.0) lib/web_console/middleware.rb:28:in `block in call'
web-console (4.2.0) lib/web_console/middleware.rb:17:in `catch'
web-console (4.2.0) lib/web_console/middleware.rb:17:in `call'
actionpack (7.0.4.2) lib/action_dispatch/middleware/show_exceptions.rb:26:in `call'
railties (7.0.4.2) lib/rails/rack/logger.rb:40:in `call_app'
railties (7.0.4.2) lib/rails/rack/logger.rb:25:in `block in call'
activesupport (7.0.4.2) lib/active_support/tagged_logging.rb:99:in `block in tagged'
activesupport (7.0.4.2) lib/active_support/tagged_logging.rb:37:in `tagged'
activesupport (7.0.4.2) lib/active_support/tagged_logging.rb:99:in `tagged'
railties (7.0.4.2) lib/rails/rack/logger.rb:25:in `call'
sprockets-rails (3.4.2) lib/sprockets/rails/quiet_assets.rb:13:in `call'
actionpack (7.0.4.2) lib/action_dispatch/middleware/remote_ip.rb:93:in `call'
actionpack (7.0.4.2) lib/action_dispatch/middleware/request_id.rb:26:in `call'
rack (2.2.6.2) lib/rack/method_override.rb:24:in `call'
rack (2.2.6.2) lib/rack/runtime.rb:22:in `call'
activesupport (7.0.4.2) lib/active_support/cache/strategy/local_cache_middleware.rb:29:in `call'
actionpack (7.0.4.2) lib/action_dispatch/middleware/server_timing.rb:61:in `block in call'
actionpack (7.0.4.2) lib/action_dispatch/middleware/server_timing.rb:26:in `collect_events'
actionpack (7.0.4.2) lib/action_dispatch/middleware/server_timing.rb:60:in `call'
actionpack (7.0.4.2) lib/action_dispatch/middleware/executor.rb:14:in `call'
actionpack (7.0.4.2) lib/action_dispatch/middleware/static.rb:23:in `call'
rack (2.2.6.2) lib/rack/sendfile.rb:110:in `call'
actionpack (7.0.4.2) lib/action_dispatch/middleware/host_authorization.rb:137:in `call'
railties (7.0.4.2) lib/rails/engine.rb:530:in `call'
puma (5.6.5) lib/puma/configuration.rb:252:in `call'
puma (5.6.5) lib/puma/request.rb:77:in `block in handle_request'
puma (5.6.5) lib/puma/thread_pool.rb:340:in `with_force_shutdown'
puma (5.6.5) lib/puma/request.rb:76:in `handle_request'
puma (5.6.5) lib/puma/server.rb:443:in `process_client'
puma (5.6.5) lib/puma/thread_pool.rb:147:in `block in spawn_thread'
  [1m[35m (0.5ms)[0m  [1m[34mSELECT pg_try_advisory_lock(5131399083686381100)[0m
  [1m[36mActiveRecord::SchemaMigration Pluck (0.9ms)[0m  [1m[34mSELECT "schema_migrations"."version" FROM "schema_migrations" ORDER BY "schema_migrations"."version" ASC[0m
Migrating to DeviseCreateUsers (20230210161829)
  [1m[36mTRANSACTION (0.2ms)[0m  [1m[35mBEGIN[0m
  [1m[35m (18.3ms)[0m  [1m[35mCREATE TABLE "users" ("id" bigserial primary key, "email" character varying DEFAULT '' NOT NULL, "encrypted_password" character varying DEFAULT '' NOT NULL, "reset_password_token" character varying, "reset_password_sent_at" timestamp(6), "remember_created_at" timestamp(6), "created_at" timestamp(6) NOT NULL, "updated_at" timestamp(6) NOT NULL)[0m
  [1m[35m (2.5ms)[0m  [1m[35mCREATE UNIQUE INDEX "index_users_on_email" ON "users" ("email")[0m
  [1m[35m (1.9ms)[0m  [1m[35mCREATE UNIQUE INDEX "index_users_on_reset_password_token" ON "users" ("reset_password_token")[0m
  [1m[36mActiveRecord::SchemaMigration Create (2.7ms)[0m  [1m[32mINSERT INTO "schema_migrations" ("version") VALUES ($1) RETURNING "version"[0m  [["version", "20230210161829"]]
  [1m[36mTRANSACTION (1.8ms)[0m  [1m[35mCOMMIT[0m
  [1m[36mActiveRecord::InternalMetadata Load (1.8ms)[0m  [1m[34mSELECT "ar_internal_metadata".* FROM "ar_internal_metadata" WHERE "ar_internal_metadata"."key" = $1 LIMIT $2[0m  [["key", "environment"], ["LIMIT", 1]]
  [1m[36mTRANSACTION (0.1ms)[0m  [1m[35mBEGIN[0m
  [1m[36mActiveRecord::InternalMetadata Create (1.6ms)[0m  [1m[32mINSERT INTO "ar_internal_metadata" ("key", "value", "created_at", "updated_at") VALUES ($1, $2, $3, $4) RETURNING "key"[0m  [["key", "environment"], ["value", "development"], ["created_at", "2023-02-14 09:44:38.608122"], ["updated_at", "2023-02-14 09:44:38.608122"]]
  [1m[36mTRANSACTION (0.3ms)[0m  [1m[35mCOMMIT[0m
  [1m[35m (0.4ms)[0m  [1m[34mSELECT pg_advisory_unlock(5131399083686381100)[0m
  [1m[36mActiveRecord::SchemaMigration Pluck (1.9ms)[0m  [1m[34mSELECT "schema_migrations"."version" FROM "schema_migrations" ORDER BY "schema_migrations"."version" ASC[0m
Started GET "/" for ::1 at 2023-02-14 10:44:40 +0100
  [1m[36mActiveRecord::SchemaMigration Pluck (0.4ms)[0m  [1m[34mSELECT "schema_migrations"."version" FROM "schema_migrations" ORDER BY "schema_migrations"."version" ASC[0m
Processing by PagesController#home as HTML
  Rendering layout layouts/application.html.slim
  Rendering pages/home.html.slim within layouts/application
  Rendered pages/home.html.slim within layouts/application (Duration: 7.8ms | Allocations: 9418)
  Rendered layout layouts/application.html.slim (Duration: 9.9ms | Allocations: 12492)
Completed 500 Internal Server Error in 22ms (ActiveRecord: 0.0ms | Allocations: 14422)


  
ActionView::Template::Error (Malformed indentation
  /Users/xavier/perso/boiler/BnbClone/app/views/layouts/application.html.slim, Line 17, Column 4
    main class="container mx-auto mt-28 px-5 flex"
    ^
):
    14:       p class="notice" = notice
    15:       p class="alert" = alert 
    16: 
    17:     main class="container mx-auto mt-28 px-5 flex"
    18:       = yield
  
app/views/layouts/application.html.slim:17
Started GET "/" for ::1 at 2023-02-14 10:45:19 +0100
Processing by PagesController#home as HTML
  Rendering layout layouts/application.html.slim
  Rendering pages/home.html.slim within layouts/application
  Rendered pages/home.html.slim within layouts/application (Duration: 5.4ms | Allocations: 1690)
  Rendered layout layouts/application.html.slim (Duration: 165.9ms | Allocations: 52182)
Completed 500 Internal Server Error in 170ms (ActiveRecord: 0.0ms | Allocations: 52970)


  
ActionView::Template::Error (Multiple files with the same output path cannot be linked ("application.css")
In "/Users/xavier/perso/boiler/BnbClone/app/assets/config/manifest.js" these files were linked:
  - /Users/xavier/perso/boiler/BnbClone/app/assets/stylesheets/application.css
  - /Users/xavier/perso/boiler/BnbClone/app/assets/builds/application.css
):
  
sprockets (4.2.0) lib/sprockets/base.rb:100:in `find_all_linked_assets'
sprockets (4.2.0) lib/sprockets/manifest.rb:125:in `each'
sprockets (4.2.0) lib/sprockets/manifest.rb:125:in `to_a'
sprockets (4.2.0) lib/sprockets/manifest.rb:125:in `block (2 levels) in find'
concurrent-ruby (1.2.0) lib/concurrent-ruby/concurrent/executor/safe_task_executor.rb:24:in `block in execute'
concurrent-ruby (1.2.0) lib/concurrent-ruby/concurrent/synchronization/mutex_lockable_object.rb:48:in `block in synchronize'
concurrent-ruby (1.2.0) lib/concurrent-ruby/concurrent/synchronization/mutex_lockable_object.rb:48:in `synchronize'
concurrent-ruby (1.2.0) lib/concurrent-ruby/concurrent/synchronization/mutex_lockable_object.rb:48:in `synchronize'
concurrent-ruby (1.2.0) lib/concurrent-ruby/concurrent/executor/safe_task_executor.rb:22:in `execute'
concurrent-ruby (1.2.0) lib/concurrent-ruby/concurrent/promise.rb:564:in `block in realize'
concurrent-ruby (1.2.0) lib/concurrent-ruby/concurrent/executor/ruby_thread_pool_executor.rb:352:in `run_task'
concurrent-ruby (1.2.0) lib/concurrent-ruby/concurrent/executor/ruby_thread_pool_executor.rb:343:in `block (3 levels) in create_worker'
concurrent-ruby (1.2.0) lib/concurrent-ruby/concurrent/executor/ruby_thread_pool_executor.rb:334:in `loop'
concurrent-ruby (1.2.0) lib/concurrent-ruby/concurrent/executor/ruby_thread_pool_executor.rb:334:in `block (2 levels) in create_worker'
concurrent-ruby (1.2.0) lib/concurrent-ruby/concurrent/executor/ruby_thread_pool_executor.rb:333:in `catch'
concurrent-ruby (1.2.0) lib/concurrent-ruby/concurrent/executor/ruby_thread_pool_executor.rb:333:in `block in create_worker'
Started GET "/" for ::1 at 2023-02-14 10:45:38 +0100
Processing by PagesController#home as HTML
  Rendering layout layouts/application.html.slim
  Rendering pages/home.html.slim within layouts/application
  Rendered pages/home.html.slim within layouts/application (Duration: 0.1ms | Allocations: 7)
  Rendered layout layouts/application.html.slim (Duration: 61.9ms | Allocations: 31402)
Completed 200 OK in 63ms (Views: 62.6ms | ActiveRecord: 0.0ms | Allocations: 31713)


  [1m[36mActiveRecord::SchemaMigration Pluck (1.8ms)[0m  [1m[34mSELECT "schema_migrations"."version" FROM "schema_migrations" ORDER BY "schema_migrations"."version" ASC[0m
  [1m[36mActiveRecord::SchemaMigration Pluck (0.2ms)[0m  [1m[34mSELECT "schema_migrations"."version" FROM "schema_migrations" ORDER BY "schema_migrations"."version" ASC[0m
  [1m[35m (0.3ms)[0m  [1m[34mSELECT pg_try_advisory_lock(5131399083686381100)[0m
  [1m[36mActiveRecord::SchemaMigration Pluck (0.4ms)[0m  [1m[34mSELECT "schema_migrations"."version" FROM "schema_migrations" ORDER BY "schema_migrations"."version" ASC[0m
Migrating to DeviseCreateUsers (20230210161829)
  [1m[36mTRANSACTION (0.2ms)[0m  [1m[35mBEGIN[0m
  [1m[35m (2.9ms)[0m  [1m[35mDROP INDEX  "index_users_on_reset_password_token"[0m
  [1m[35m (0.3ms)[0m  [1m[35mDROP INDEX  "index_users_on_email"[0m
  [1m[35m (4.3ms)[0m  [1m[35mDROP TABLE "users"[0m
  [1m[36mActiveRecord::SchemaMigration Delete All (1.3ms)[0m  [1m[31mDELETE FROM "schema_migrations" WHERE "schema_migrations"."version" = $1[0m  [["version", "20230210161829"]]
  [1m[36mTRANSACTION (5.0ms)[0m  [1m[35mCOMMIT[0m
  [1m[35m (0.5ms)[0m  [1m[34mSELECT pg_advisory_unlock(5131399083686381100)[0m
  [1m[36mActiveRecord::SchemaMigration Pluck (0.7ms)[0m  [1m[34mSELECT "schema_migrations"."version" FROM "schema_migrations" ORDER BY "schema_migrations"."version" ASC[0m
  [1m[35m (0.3ms)[0m  [1m[34mSELECT pg_try_advisory_lock(5131399083686381100)[0m
  [1m[36mActiveRecord::SchemaMigration Pluck (2.6ms)[0m  [1m[34mSELECT "schema_migrations"."version" FROM "schema_migrations" ORDER BY "schema_migrations"."version" ASC[0m
Migrating to DeviseCreateUsers (20230210161829)
  [1m[36mTRANSACTION (0.2ms)[0m  [1m[35mBEGIN[0m
  [1m[35m (21.5ms)[0m  [1m[35mCREATE TABLE "users" ("id" bigserial primary key, "email" character varying DEFAULT '' NOT NULL, "encrypted_password" character varying DEFAULT '' NOT NULL, "reset_password_token" character varying, "reset_password_sent_at" timestamp(6), "remember_created_at" timestamp(6), "name" character varying, "created_at" timestamp(6) NOT NULL, "updated_at" timestamp(6) NOT NULL)[0m
  [1m[35m (2.0ms)[0m  [1m[35mCREATE UNIQUE INDEX "index_users_on_email" ON "users" ("email")[0m
  [1m[35m (2.8ms)[0m  [1m[35mCREATE UNIQUE INDEX "index_users_on_reset_password_token" ON "users" ("reset_password_token")[0m
  [1m[36mActiveRecord::SchemaMigration Create (0.8ms)[0m  [1m[32mINSERT INTO "schema_migrations" ("version") VALUES ($1) RETURNING "version"[0m  [["version", "20230210161829"]]
  [1m[36mTRANSACTION (2.0ms)[0m  [1m[35mCOMMIT[0m
Migrating to CreateCities (20230214094953)
  [1m[36mTRANSACTION (0.3ms)[0m  [1m[35mBEGIN[0m
  [1m[35m (12.3ms)[0m  [1m[35mCREATE TABLE "cities" ("id" bigserial primary key, "name" character varying, "created_at" timestamp(6) NOT NULL, "updated_at" timestamp(6) NOT NULL)[0m
  [1m[36mActiveRecord::SchemaMigration Create (0.3ms)[0m  [1m[32mINSERT INTO "schema_migrations" ("version") VALUES ($1) RETURNING "version"[0m  [["version", "20230214094953"]]
  [1m[36mTRANSACTION (0.5ms)[0m  [1m[35mCOMMIT[0m
Migrating to CreateRealEstates (20230214095003)
  [1m[36mTRANSACTION (0.3ms)[0m  [1m[35mBEGIN[0m
  [1m[35m (26.9ms)[0m  [1m[35mCREATE TABLE "real_estates" ("id" bigserial primary key, "title" character varying NOT NULL, "description" character varying, "address" character varying, "estate_type" integer NOT NULL, "price" integer NOT NULL, "host_id" bigint NOT NULL, "city_id" bigint NOT NULL, "created_at" timestamp(6) NOT NULL, "updated_at" timestamp(6) NOT NULL, CONSTRAINT "fk_rails_8512e6ef8b"
FOREIGN KEY ("host_id")
  REFERENCES "users" ("id")
, CONSTRAINT "fk_rails_0dc8c660e8"
FOREIGN KEY ("city_id")
  REFERENCES "cities" ("id")
)[0m
  [1m[35m (2.4ms)[0m  [1m[35mCREATE INDEX "index_real_estates_on_host_id" ON "real_estates" ("host_id")[0m
  [1m[35m (2.4ms)[0m  [1m[35mCREATE INDEX "index_real_estates_on_city_id" ON "real_estates" ("city_id")[0m
  [1m[36mActiveRecord::SchemaMigration Create (0.4ms)[0m  [1m[32mINSERT INTO "schema_migrations" ("version") VALUES ($1) RETURNING "version"[0m  [["version", "20230214095003"]]
  [1m[36mTRANSACTION (0.4ms)[0m  [1m[35mCOMMIT[0m
Migrating to CreateReservations (20230214095008)
  [1m[36mTRANSACTION (0.4ms)[0m  [1m[35mBEGIN[0m
  [1m[35m (7.8ms)[0m  [1m[35mCREATE TABLE "reservations" ("id" bigserial primary key, "checkin" date NOT NULL, "checkout" date NOT NULL, "real_estate_id" bigint NOT NULL, "guest_id" bigint NOT NULL, "validated" boolean DEFAULT FALSE, "created_at" timestamp(6) NOT NULL, "updated_at" timestamp(6) NOT NULL, CONSTRAINT "fk_rails_baeb2fd27c"
FOREIGN KEY ("real_estate_id")
  REFERENCES "real_estates" ("id")
, CONSTRAINT "fk_rails_a00daaa2d3"
FOREIGN KEY ("guest_id")
  REFERENCES "users" ("id")
)[0m
  [1m[35m (1.9ms)[0m  [1m[35mCREATE INDEX "index_reservations_on_real_estate_id" ON "reservations" ("real_estate_id")[0m
  [1m[35m (8.4ms)[0m  [1m[35mCREATE INDEX "index_reservations_on_guest_id" ON "reservations" ("guest_id")[0m
  [1m[36mActiveRecord::SchemaMigration Create (0.4ms)[0m  [1m[32mINSERT INTO "schema_migrations" ("version") VALUES ($1) RETURNING "version"[0m  [["version", "20230214095008"]]
  [1m[36mTRANSACTION (0.5ms)[0m  [1m[35mCOMMIT[0m
Migrating to CreateDays (20230214095031)
  [1m[36mTRANSACTION (0.4ms)[0m  [1m[35mBEGIN[0m
  [1m[35m (9.4ms)[0m  [1m[35mCREATE TABLE "days" ("id" bigserial primary key, "date" date NOT NULL, "taken" boolean DEFAULT FALSE NOT NULL, "real_estate_id" bigint NOT NULL, "created_at" timestamp(6) NOT NULL, "updated_at" timestamp(6) NOT NULL, CONSTRAINT "fk_rails_85fde55a75"
FOREIGN KEY ("real_estate_id")
  REFERENCES "real_estates" ("id")
)[0m
  [1m[35m (3.0ms)[0m  [1m[35mCREATE INDEX "index_days_on_real_estate_id" ON "days" ("real_estate_id")[0m
  [1m[36mActiveRecord::SchemaMigration Create (0.4ms)[0m  [1m[32mINSERT INTO "schema_migrations" ("version") VALUES ($1) RETURNING "version"[0m  [["version", "20230214095031"]]
  [1m[36mTRANSACTION (0.6ms)[0m  [1m[35mCOMMIT[0m
  [1m[36mActiveRecord::InternalMetadata Load (2.1ms)[0m  [1m[34mSELECT "ar_internal_metadata".* FROM "ar_internal_metadata" WHERE "ar_internal_metadata"."key" = $1 LIMIT $2[0m  [["key", "environment"], ["LIMIT", 1]]
  [1m[35m (0.6ms)[0m  [1m[34mSELECT pg_advisory_unlock(5131399083686381100)[0m
  [1m[36mActiveRecord::SchemaMigration Pluck (1.1ms)[0m  [1m[34mSELECT "schema_migrations"."version" FROM "schema_migrations" ORDER BY "schema_migrations"."version" ASC[0m
  [1m[36mActiveRecord::SchemaMigration Pluck (3.3ms)[0m  [1m[34mSELECT "schema_migrations"."version" FROM "schema_migrations" ORDER BY "schema_migrations"."version" ASC[0m
  [1m[36mActiveRecord::SchemaMigration Pluck (1.7ms)[0m  [1m[34mSELECT "schema_migrations"."version" FROM "schema_migrations" ORDER BY "schema_migrations"."version" ASC[0m
  [1m[36mActiveRecord::SchemaMigration Pluck (0.2ms)[0m  [1m[34mSELECT "schema_migrations"."version" FROM "schema_migrations" ORDER BY "schema_migrations"."version" ASC[0m
  [1m[35m (0.3ms)[0m  [1m[34mSELECT pg_try_advisory_lock(5131399083686381100)[0m
  [1m[36mActiveRecord::SchemaMigration Pluck (0.3ms)[0m  [1m[34mSELECT "schema_migrations"."version" FROM "schema_migrations" ORDER BY "schema_migrations"."version" ASC[0m
Migrating to CreateDays (20230214095031)
  [1m[36mTRANSACTION (0.4ms)[0m  [1m[35mBEGIN[0m
  [1m[35m (4.6ms)[0m  [1m[35mDROP TABLE "days"[0m
  [1m[36mActiveRecord::SchemaMigration Delete All (0.7ms)[0m  [1m[31mDELETE FROM "schema_migrations" WHERE "schema_migrations"."version" = $1[0m  [["version", "20230214095031"]]
  [1m[36mTRANSACTION (3.5ms)[0m  [1m[35mCOMMIT[0m
Migrating to CreateReservations (20230214095008)
  [1m[36mTRANSACTION (0.1ms)[0m  [1m[35mBEGIN[0m
  [1m[35m (2.2ms)[0m  [1m[35mDROP TABLE "reservations"[0m
  [1m[36mActiveRecord::SchemaMigration Delete All (0.3ms)[0m  [1m[31mDELETE FROM "schema_migrations" WHERE "schema_migrations"."version" = $1[0m  [["version", "20230214095008"]]
  [1m[36mTRANSACTION (1.3ms)[0m  [1m[35mCOMMIT[0m
Migrating to CreateRealEstates (20230214095003)
  [1m[36mTRANSACTION (0.1ms)[0m  [1m[35mBEGIN[0m
  [1m[35m (4.8ms)[0m  [1m[35mDROP TABLE "real_estates"[0m
  [1m[36mActiveRecord::SchemaMigration Delete All (0.4ms)[0m  [1m[31mDELETE FROM "schema_migrations" WHERE "schema_migrations"."version" = $1[0m  [["version", "20230214095003"]]
  [1m[36mTRANSACTION (1.8ms)[0m  [1m[35mCOMMIT[0m
Migrating to CreateCities (20230214094953)
  [1m[36mTRANSACTION (0.1ms)[0m  [1m[35mBEGIN[0m
  [1m[35m (1.0ms)[0m  [1m[35mDROP TABLE "cities"[0m
  [1m[36mActiveRecord::SchemaMigration Delete All (0.3ms)[0m  [1m[31mDELETE FROM "schema_migrations" WHERE "schema_migrations"."version" = $1[0m  [["version", "20230214094953"]]
  [1m[36mTRANSACTION (1.4ms)[0m  [1m[35mCOMMIT[0m
Migrating to DeviseCreateUsers (20230210161829)
  [1m[36mTRANSACTION (0.1ms)[0m  [1m[35mBEGIN[0m
  [1m[35m (0.3ms)[0m  [1m[35mDROP INDEX  "index_users_on_reset_password_token"[0m
  [1m[35m (0.3ms)[0m  [1m[35mDROP INDEX  "index_users_on_email"[0m
  [1m[35m (1.7ms)[0m  [1m[35mDROP TABLE "users"[0m
  [1m[36mActiveRecord::SchemaMigration Delete All (0.3ms)[0m  [1m[31mDELETE FROM "schema_migrations" WHERE "schema_migrations"."version" = $1[0m  [["version", "20230210161829"]]
  [1m[36mTRANSACTION (2.1ms)[0m  [1m[35mCOMMIT[0m
  [1m[35m (0.8ms)[0m  [1m[34mSELECT pg_advisory_unlock(5131399083686381100)[0m
  [1m[36mActiveRecord::SchemaMigration Pluck (0.6ms)[0m  [1m[34mSELECT "schema_migrations"."version" FROM "schema_migrations" ORDER BY "schema_migrations"."version" ASC[0m
  [1m[36mActiveRecord::SchemaMigration Pluck (0.2ms)[0m  [1m[34mSELECT "schema_migrations"."version" FROM "schema_migrations" ORDER BY "schema_migrations"."version" ASC[0m
  [1m[36mActiveRecord::SchemaMigration Pluck (1.0ms)[0m  [1m[34mSELECT "schema_migrations"."version" FROM "schema_migrations" ORDER BY "schema_migrations"."version" ASC[0m
  [1m[36mActiveRecord::SchemaMigration Pluck (1.0ms)[0m  [1m[34mSELECT "schema_migrations"."version" FROM "schema_migrations" ORDER BY "schema_migrations"."version" ASC[0m
  [1m[36mActiveRecord::SchemaMigration Pluck (0.2ms)[0m  [1m[34mSELECT "schema_migrations"."version" FROM "schema_migrations" ORDER BY "schema_migrations"."version" ASC[0m
  [1m[35m (0.2ms)[0m  [1m[34mSELECT pg_try_advisory_lock(5131399083686381100)[0m
  [1m[36mActiveRecord::SchemaMigration Pluck (0.6ms)[0m  [1m[34mSELECT "schema_migrations"."version" FROM "schema_migrations" ORDER BY "schema_migrations"."version" ASC[0m
Migrating to DeviseCreateUsers (20230210161829)
  [1m[36mTRANSACTION (0.2ms)[0m  [1m[35mBEGIN[0m
  [1m[35m (9.9ms)[0m  [1m[35mCREATE TABLE "users" ("id" bigserial primary key, "email" character varying DEFAULT '' NOT NULL, "encrypted_password" character varying DEFAULT '' NOT NULL, "reset_password_token" character varying, "reset_password_sent_at" timestamp(6), "remember_created_at" timestamp(6), "name" character varying, "created_at" timestamp(6) NOT NULL, "updated_at" timestamp(6) NOT NULL)[0m
  [1m[35m (1.1ms)[0m  [1m[35mCREATE UNIQUE INDEX "index_users_on_email" ON "users" ("email")[0m
  [1m[35m (2.5ms)[0m  [1m[35mCREATE UNIQUE INDEX "index_users_on_reset_password_token" ON "users" ("reset_password_token")[0m
  [1m[36mActiveRecord::SchemaMigration Create (0.6ms)[0m  [1m[32mINSERT INTO "schema_migrations" ("version") VALUES ($1) RETURNING "version"[0m  [["version", "20230210161829"]]
  [1m[36mTRANSACTION (1.7ms)[0m  [1m[35mCOMMIT[0m
Migrating to CreateCities (20230214094953)
  [1m[36mTRANSACTION (0.3ms)[0m  [1m[35mBEGIN[0m
  [1m[35m (13.3ms)[0m  [1m[35mCREATE TABLE "cities" ("id" bigserial primary key, "name" character varying, "created_at" timestamp(6) NOT NULL, "updated_at" timestamp(6) NOT NULL)[0m
  [1m[36mActiveRecord::SchemaMigration Create (0.3ms)[0m  [1m[32mINSERT INTO "schema_migrations" ("version") VALUES ($1) RETURNING "version"[0m  [["version", "20230214094953"]]
  [1m[36mTRANSACTION (0.5ms)[0m  [1m[35mCOMMIT[0m
Migrating to CreateRealEstates (20230214095003)
  [1m[36mTRANSACTION (0.3ms)[0m  [1m[35mBEGIN[0m
  [1m[35m (12.7ms)[0m  [1m[35mCREATE TABLE "real_estates" ("id" bigserial primary key, "title" character varying NOT NULL, "description" character varying, "address" character varying, "estate_type" integer NOT NULL, "price" integer NOT NULL, "host_id" bigint NOT NULL, "city_id" bigint NOT NULL, "created_at" timestamp(6) NOT NULL, "updated_at" timestamp(6) NOT NULL, CONSTRAINT "fk_rails_8512e6ef8b"
FOREIGN KEY ("host_id")
  REFERENCES "users" ("id")
, CONSTRAINT "fk_rails_0dc8c660e8"
FOREIGN KEY ("city_id")
  REFERENCES "cities" ("id")
)[0m
  [1m[35m (2.4ms)[0m  [1m[35mCREATE INDEX "index_real_estates_on_host_id" ON "real_estates" ("host_id")[0m
  [1m[35m (3.6ms)[0m  [1m[35mCREATE INDEX "index_real_estates_on_city_id" ON "real_estates" ("city_id")[0m
  [1m[36mActiveRecord::SchemaMigration Create (0.5ms)[0m  [1m[32mINSERT INTO "schema_migrations" ("version") VALUES ($1) RETURNING "version"[0m  [["version", "20230214095003"]]
  [1m[36mTRANSACTION (0.7ms)[0m  [1m[35mCOMMIT[0m
Migrating to CreateReservations (20230214095008)
  [1m[36mTRANSACTION (0.3ms)[0m  [1m[35mBEGIN[0m
  [1m[35m (6.7ms)[0m  [1m[35mCREATE TABLE "reservations" ("id" bigserial primary key, "checkin" date NOT NULL, "checkout" date NOT NULL, "real_estate_id" bigint NOT NULL, "guest_id" bigint NOT NULL, "validated" boolean DEFAULT FALSE, "created_at" timestamp(6) NOT NULL, "updated_at" timestamp(6) NOT NULL, CONSTRAINT "fk_rails_baeb2fd27c"
FOREIGN KEY ("real_estate_id")
  REFERENCES "real_estates" ("id")
, CONSTRAINT "fk_rails_a00daaa2d3"
FOREIGN KEY ("guest_id")
  REFERENCES "users" ("id")
)[0m
  [1m[35m (11.1ms)[0m  [1m[35mCREATE INDEX "index_reservations_on_real_estate_id" ON "reservations" ("real_estate_id")[0m
  [1m[35m (2.7ms)[0m  [1m[35mCREATE INDEX "index_reservations_on_guest_id" ON "reservations" ("guest_id")[0m
  [1m[36mActiveRecord::SchemaMigration Create (0.3ms)[0m  [1m[32mINSERT INTO "schema_migrations" ("version") VALUES ($1) RETURNING "version"[0m  [["version", "20230214095008"]]
  [1m[36mTRANSACTION (0.5ms)[0m  [1m[35mCOMMIT[0m
Migrating to CreateDays (20230214095031)
  [1m[36mTRANSACTION (0.8ms)[0m  [1m[35mBEGIN[0m
  [1m[35m (7.7ms)[0m  [1m[35mCREATE TABLE "days" ("id" bigserial primary key, "date" date NOT NULL, "taken" boolean DEFAULT FALSE NOT NULL, "real_estate_id" bigint NOT NULL, "created_at" timestamp(6) NOT NULL, "updated_at" timestamp(6) NOT NULL, CONSTRAINT "fk_rails_85fde55a75"
FOREIGN KEY ("real_estate_id")
  REFERENCES "real_estates" ("id")
)[0m
  [1m[35m (2.5ms)[0m  [1m[35mCREATE INDEX "index_days_on_real_estate_id" ON "days" ("real_estate_id")[0m
  [1m[36mActiveRecord::SchemaMigration Create (0.3ms)[0m  [1m[32mINSERT INTO "schema_migrations" ("version") VALUES ($1) RETURNING "version"[0m  [["version", "20230214095031"]]
  [1m[36mTRANSACTION (0.6ms)[0m  [1m[35mCOMMIT[0m
  [1m[36mActiveRecord::InternalMetadata Load (1.5ms)[0m  [1m[34mSELECT "ar_internal_metadata".* FROM "ar_internal_metadata" WHERE "ar_internal_metadata"."key" = $1 LIMIT $2[0m  [["key", "environment"], ["LIMIT", 1]]
  [1m[35m (0.5ms)[0m  [1m[34mSELECT pg_advisory_unlock(5131399083686381100)[0m
  [1m[36mActiveRecord::SchemaMigration Pluck (1.1ms)[0m  [1m[34mSELECT "schema_migrations"."version" FROM "schema_migrations" ORDER BY "schema_migrations"."version" ASC[0m
  [1m[36mActiveRecord::SchemaMigration Pluck (0.1ms)[0m  [1m[34mSELECT "schema_migrations"."version" FROM "schema_migrations" ORDER BY "schema_migrations"."version" ASC[0m
  [1m[36mActiveRecord::SchemaMigration Pluck (2.0ms)[0m  [1m[34mSELECT "schema_migrations"."version" FROM "schema_migrations" ORDER BY "schema_migrations"."version" ASC[0m
  [1m[36mUser Load (3.5ms)[0m  [1m[34mSELECT "users".* FROM "users" WHERE "users"."email" = $1 LIMIT $2[0m  [["email", "user@mail.com"], ["LIMIT", 1]]
  [1m[36mTRANSACTION (0.5ms)[0m  [1m[35mBEGIN[0m
  [1m[36mUser Exists? (0.6ms)[0m  [1m[34mSELECT 1 AS one FROM "users" WHERE "users"."email" = $1 LIMIT $2[0m  [["email", "user@mail.com"], ["LIMIT", 1]]
  [1m[36mUser Create (1.7ms)[0m  [1m[32mINSERT INTO "users" ("email", "encrypted_password", "reset_password_token", "reset_password_sent_at", "remember_created_at", "name", "created_at", "updated_at") VALUES ($1, $2, $3, $4, $5, $6, $7, $8) RETURNING "id"[0m  [["email", "user@mail.com"], ["encrypted_password", "[FILTERED]"], ["reset_password_token", "[FILTERED]"], ["reset_password_sent_at", "[FILTERED]"], ["remember_created_at", nil], ["name", "user"], ["created_at", "2023-02-14 10:06:12.124957"], ["updated_at", "2023-02-14 10:06:12.124957"]]
  [1m[36mTRANSACTION (1.7ms)[0m  [1m[35mCOMMIT[0m
  [1m[36mCity Load (1.7ms)[0m  [1m[34mSELECT "cities".* FROM "cities" WHERE "cities"."name" = $1 LIMIT $2[0m  [["name", "Philly"], ["LIMIT", 1]]
  [1m[36mTRANSACTION (0.2ms)[0m  [1m[35mBEGIN[0m
  [1m[36mCity Exists? (0.3ms)[0m  [1m[34mSELECT 1 AS one FROM "cities" WHERE "cities"."name" = $1 LIMIT $2[0m  [["name", "Philly"], ["LIMIT", 1]]
  [1m[36mCity Create (0.9ms)[0m  [1m[32mINSERT INTO "cities" ("name", "created_at", "updated_at") VALUES ($1, $2, $3) RETURNING "id"[0m  [["name", "Philly"], ["created_at", "2023-02-14 10:06:12.146163"], ["updated_at", "2023-02-14 10:06:12.146163"]]
  [1m[36mTRANSACTION (0.5ms)[0m  [1m[35mCOMMIT[0m
  [1m[36mRealEstate Load (3.5ms)[0m  [1m[34mSELECT "real_estates".* FROM "real_estates" WHERE "real_estates"."host_id" = $1 AND "real_estates"."city_id" = $2 AND "real_estates"."title" = $3 AND "real_estates"."estate_type" = $4 AND "real_estates"."price" = $5 LIMIT $6[0m  [["host_id", 1], ["city_id", 1], ["title", "Nice House"], ["estate_type", 1], ["price", 5000], ["LIMIT", 1]]
  [1m[36mTRANSACTION (0.2ms)[0m  [1m[35mBEGIN[0m
  [1m[36mRealEstate Create (2.7ms)[0m  [1m[32mINSERT INTO "real_estates" ("title", "description", "address", "estate_type", "price", "host_id", "city_id", "created_at", "updated_at") VALUES ($1, $2, $3, $4, $5, $6, $7, $8, $9) RETURNING "id"[0m  [["title", "Nice House"], ["description", nil], ["address", nil], ["estate_type", 1], ["price", 5000], ["host_id", 1], ["city_id", 1], ["created_at", "2023-02-14 10:06:12.220955"], ["updated_at", "2023-02-14 10:06:12.220955"]]
  [1m[36mTRANSACTION (0.5ms)[0m  [1m[35mCOMMIT[0m
  [1m[36mActiveRecord::SchemaMigration Pluck (1.2ms)[0m  [1m[34mSELECT "schema_migrations"."version" FROM "schema_migrations" ORDER BY "schema_migrations"."version" ASC[0m
  [1m[36mUser Load (3.6ms)[0m  [1m[34mSELECT "users".* FROM "users" WHERE "users"."email" = $1 LIMIT $2[0m  [["email", "user@mail.com"], ["LIMIT", 1]]
  [1m[36mCity Load (1.5ms)[0m  [1m[34mSELECT "cities".* FROM "cities" WHERE "cities"."name" = $1 LIMIT $2[0m  [["name", "Philly"], ["LIMIT", 1]]
  [1m[36mRealEstate Load (3.6ms)[0m  [1m[34mSELECT "real_estates".* FROM "real_estates" WHERE "real_estates"."host_id" = $1 AND "real_estates"."city_id" = $2 AND "real_estates"."title" = $3 AND "real_estates"."estate_type" = $4 AND "real_estates"."price" = $5 LIMIT $6[0m  [["host_id", 1], ["city_id", 1], ["title", "Nice House"], ["estate_type", 1], ["price", 5000], ["LIMIT", 1]]
  [1m[36mDay Load (3.6ms)[0m  [1m[34mSELECT "days".* FROM "days" WHERE "days"."date" = $1 AND "days"."real_estate_id" = $2 LIMIT $3[0m  [["date", "2023-02-15"], ["real_estate_id", 1], ["LIMIT", 1]]
  [1m[36mTRANSACTION (0.1ms)[0m  [1m[35mBEGIN[0m
  [1m[36mDay Create (1.9ms)[0m  [1m[32mINSERT INTO "days" ("date", "taken", "real_estate_id", "created_at", "updated_at") VALUES ($1, $2, $3, $4, $5) RETURNING "id"[0m  [["date", "2023-02-15"], ["taken", false], ["real_estate_id", 1], ["created_at", "2023-02-14 10:06:39.434856"], ["updated_at", "2023-02-14 10:06:39.434856"]]
  [1m[36mTRANSACTION (1.8ms)[0m  [1m[35mCOMMIT[0m
  [1m[36mDay Load (0.3ms)[0m  [1m[34mSELECT "days".* FROM "days" WHERE "days"."date" = $1 AND "days"."real_estate_id" = $2 LIMIT $3[0m  [["date", "2023-02-16"], ["real_estate_id", 1], ["LIMIT", 1]]
  [1m[36mTRANSACTION (0.1ms)[0m  [1m[35mBEGIN[0m
  [1m[36mDay Create (0.4ms)[0m  [1m[32mINSERT INTO "days" ("date", "taken", "real_estate_id", "created_at", "updated_at") VALUES ($1, $2, $3, $4, $5) RETURNING "id"[0m  [["date", "2023-02-16"], ["taken", false], ["real_estate_id", 1], ["created_at", "2023-02-14 10:06:39.443224"], ["updated_at", "2023-02-14 10:06:39.443224"]]
  [1m[36mTRANSACTION (0.2ms)[0m  [1m[35mCOMMIT[0m
  [1m[36mDay Load (0.1ms)[0m  [1m[34mSELECT "days".* FROM "days" WHERE "days"."date" = $1 AND "days"."real_estate_id" = $2 LIMIT $3[0m  [["date", "2023-02-17"], ["real_estate_id", 1], ["LIMIT", 1]]
  [1m[36mTRANSACTION (0.1ms)[0m  [1m[35mBEGIN[0m
  [1m[36mDay Create (0.4ms)[0m  [1m[32mINSERT INTO "days" ("date", "taken", "real_estate_id", "created_at", "updated_at") VALUES ($1, $2, $3, $4, $5) RETURNING "id"[0m  [["date", "2023-02-17"], ["taken", false], ["real_estate_id", 1], ["created_at", "2023-02-14 10:06:39.446842"], ["updated_at", "2023-02-14 10:06:39.446842"]]
  [1m[36mTRANSACTION (0.2ms)[0m  [1m[35mCOMMIT[0m
  [1m[36mDay Load (0.3ms)[0m  [1m[34mSELECT "days".* FROM "days" WHERE "days"."date" = $1 AND "days"."real_estate_id" = $2 LIMIT $3[0m  [["date", "2023-02-18"], ["real_estate_id", 1], ["LIMIT", 1]]
  [1m[36mTRANSACTION (0.1ms)[0m  [1m[35mBEGIN[0m
  [1m[36mDay Create (0.4ms)[0m  [1m[32mINSERT INTO "days" ("date", "taken", "real_estate_id", "created_at", "updated_at") VALUES ($1, $2, $3, $4, $5) RETURNING "id"[0m  [["date", "2023-02-18"], ["taken", false], ["real_estate_id", 1], ["created_at", "2023-02-14 10:06:39.450894"], ["updated_at", "2023-02-14 10:06:39.450894"]]
  [1m[36mTRANSACTION (0.2ms)[0m  [1m[35mCOMMIT[0m
  [1m[36mDay Load (0.3ms)[0m  [1m[34mSELECT "days".* FROM "days" WHERE "days"."date" = $1 AND "days"."real_estate_id" = $2 LIMIT $3[0m  [["date", "2023-02-19"], ["real_estate_id", 1], ["LIMIT", 1]]
  [1m[36mTRANSACTION (0.1ms)[0m  [1m[35mBEGIN[0m
  [1m[36mDay Create (0.3ms)[0m  [1m[32mINSERT INTO "days" ("date", "taken", "real_estate_id", "created_at", "updated_at") VALUES ($1, $2, $3, $4, $5) RETURNING "id"[0m  [["date", "2023-02-19"], ["taken", false], ["real_estate_id", 1], ["created_at", "2023-02-14 10:06:39.454813"], ["updated_at", "2023-02-14 10:06:39.454813"]]
  [1m[36mTRANSACTION (0.3ms)[0m  [1m[35mCOMMIT[0m
  [1m[36mDay Load (0.2ms)[0m  [1m[34mSELECT "days".* FROM "days" WHERE "days"."date" = $1 AND "days"."real_estate_id" = $2 LIMIT $3[0m  [["date", "2023-02-20"], ["real_estate_id", 1], ["LIMIT", 1]]
  [1m[36mTRANSACTION (0.3ms)[0m  [1m[35mBEGIN[0m
  [1m[36mDay Create (0.5ms)[0m  [1m[32mINSERT INTO "days" ("date", "taken", "real_estate_id", "created_at", "updated_at") VALUES ($1, $2, $3, $4, $5) RETURNING "id"[0m  [["date", "2023-02-20"], ["taken", false], ["real_estate_id", 1], ["created_at", "2023-02-14 10:06:39.458438"], ["updated_at", "2023-02-14 10:06:39.458438"]]
  [1m[36mTRANSACTION (0.2ms)[0m  [1m[35mCOMMIT[0m
  [1m[36mDay Load (0.1ms)[0m  [1m[34mSELECT "days".* FROM "days" WHERE "days"."date" = $1 AND "days"."real_estate_id" = $2 LIMIT $3[0m  [["date", "2023-02-21"], ["real_estate_id", 1], ["LIMIT", 1]]
  [1m[36mTRANSACTION (0.1ms)[0m  [1m[35mBEGIN[0m
  [1m[36mDay Create (0.2ms)[0m  [1m[32mINSERT INTO "days" ("date", "taken", "real_estate_id", "created_at", "updated_at") VALUES ($1, $2, $3, $4, $5) RETURNING "id"[0m  [["date", "2023-02-21"], ["taken", false], ["real_estate_id", 1], ["created_at", "2023-02-14 10:06:39.462356"], ["updated_at", "2023-02-14 10:06:39.462356"]]
  [1m[36mTRANSACTION (0.2ms)[0m  [1m[35mCOMMIT[0m
  [1m[36mDay Load (0.1ms)[0m  [1m[34mSELECT "days".* FROM "days" WHERE "days"."date" = $1 AND "days"."real_estate_id" = $2 LIMIT $3[0m  [["date", "2023-02-22"], ["real_estate_id", 1], ["LIMIT", 1]]
  [1m[36mTRANSACTION (0.1ms)[0m  [1m[35mBEGIN[0m
  [1m[36mDay Create (0.3ms)[0m  [1m[32mINSERT INTO "days" ("date", "taken", "real_estate_id", "created_at", "updated_at") VALUES ($1, $2, $3, $4, $5) RETURNING "id"[0m  [["date", "2023-02-22"], ["taken", false], ["real_estate_id", 1], ["created_at", "2023-02-14 10:06:39.465580"], ["updated_at", "2023-02-14 10:06:39.465580"]]
  [1m[36mTRANSACTION (0.2ms)[0m  [1m[35mCOMMIT[0m
  [1m[36mDay Load (0.2ms)[0m  [1m[34mSELECT "days".* FROM "days" WHERE "days"."date" = $1 AND "days"."real_estate_id" = $2 LIMIT $3[0m  [["date", "2023-02-23"], ["real_estate_id", 1], ["LIMIT", 1]]
  [1m[36mTRANSACTION (0.1ms)[0m  [1m[35mBEGIN[0m
  [1m[36mDay Create (0.3ms)[0m  [1m[32mINSERT INTO "days" ("date", "taken", "real_estate_id", "created_at", "updated_at") VALUES ($1, $2, $3, $4, $5) RETURNING "id"[0m  [["date", "2023-02-23"], ["taken", false], ["real_estate_id", 1], ["created_at", "2023-02-14 10:06:39.469002"], ["updated_at", "2023-02-14 10:06:39.469002"]]
  [1m[36mTRANSACTION (0.2ms)[0m  [1m[35mCOMMIT[0m
  [1m[36mDay Load (0.1ms)[0m  [1m[34mSELECT "days".* FROM "days" WHERE "days"."date" = $1 AND "days"."real_estate_id" = $2 LIMIT $3[0m  [["date", "2023-02-24"], ["real_estate_id", 1], ["LIMIT", 1]]
  [1m[36mTRANSACTION (0.1ms)[0m  [1m[35mBEGIN[0m
  [1m[36mDay Create (0.3ms)[0m  [1m[32mINSERT INTO "days" ("date", "taken", "real_estate_id", "created_at", "updated_at") VALUES ($1, $2, $3, $4, $5) RETURNING "id"[0m  [["date", "2023-02-24"], ["taken", false], ["real_estate_id", 1], ["created_at", "2023-02-14 10:06:39.472277"], ["updated_at", "2023-02-14 10:06:39.472277"]]
  [1m[36mTRANSACTION (0.2ms)[0m  [1m[35mCOMMIT[0m
  [1m[36mDay Load (0.2ms)[0m  [1m[34mSELECT "days".* FROM "days" WHERE "days"."date" = $1 AND "days"."real_estate_id" = $2 LIMIT $3[0m  [["date", "2023-02-25"], ["real_estate_id", 1], ["LIMIT", 1]]
  [1m[36mTRANSACTION (0.1ms)[0m  [1m[35mBEGIN[0m
  [1m[36mDay Create (0.4ms)[0m  [1m[32mINSERT INTO "days" ("date", "taken", "real_estate_id", "created_at", "updated_at") VALUES ($1, $2, $3, $4, $5) RETURNING "id"[0m  [["date", "2023-02-25"], ["taken", false], ["real_estate_id", 1], ["created_at", "2023-02-14 10:06:39.475619"], ["updated_at", "2023-02-14 10:06:39.475619"]]
  [1m[36mTRANSACTION (0.3ms)[0m  [1m[35mCOMMIT[0m
  [1m[36mDay Load (0.1ms)[0m  [1m[34mSELECT "days".* FROM "days" WHERE "days"."date" = $1 AND "days"."real_estate_id" = $2 LIMIT $3[0m  [["date", "2023-02-26"], ["real_estate_id", 1], ["LIMIT", 1]]
  [1m[36mTRANSACTION (0.1ms)[0m  [1m[35mBEGIN[0m
  [1m[36mDay Create (0.4ms)[0m  [1m[32mINSERT INTO "days" ("date", "taken", "real_estate_id", "created_at", "updated_at") VALUES ($1, $2, $3, $4, $5) RETURNING "id"[0m  [["date", "2023-02-26"], ["taken", false], ["real_estate_id", 1], ["created_at", "2023-02-14 10:06:39.482862"], ["updated_at", "2023-02-14 10:06:39.482862"]]
  [1m[36mTRANSACTION (0.2ms)[0m  [1m[35mCOMMIT[0m
  [1m[36mDay Load (0.2ms)[0m  [1m[34mSELECT "days".* FROM "days" WHERE "days"."date" = $1 AND "days"."real_estate_id" = $2 LIMIT $3[0m  [["date", "2023-02-27"], ["real_estate_id", 1], ["LIMIT", 1]]
  [1m[36mTRANSACTION (0.1ms)[0m  [1m[35mBEGIN[0m
  [1m[36mDay Create (0.4ms)[0m  [1m[32mINSERT INTO "days" ("date", "taken", "real_estate_id", "created_at", "updated_at") VALUES ($1, $2, $3, $4, $5) RETURNING "id"[0m  [["date", "2023-02-27"], ["taken", false], ["real_estate_id", 1], ["created_at", "2023-02-14 10:06:39.486350"], ["updated_at", "2023-02-14 10:06:39.486350"]]
  [1m[36mTRANSACTION (0.3ms)[0m  [1m[35mCOMMIT[0m
  [1m[36mDay Load (0.2ms)[0m  [1m[34mSELECT "days".* FROM "days" WHERE "days"."date" = $1 AND "days"."real_estate_id" = $2 LIMIT $3[0m  [["date", "2023-02-28"], ["real_estate_id", 1], ["LIMIT", 1]]
  [1m[36mTRANSACTION (0.1ms)[0m  [1m[35mBEGIN[0m
  [1m[36mDay Create (0.3ms)[0m  [1m[32mINSERT INTO "days" ("date", "taken", "real_estate_id", "created_at", "updated_at") VALUES ($1, $2, $3, $4, $5) RETURNING "id"[0m  [["date", "2023-02-28"], ["taken", false], ["real_estate_id", 1], ["created_at", "2023-02-14 10:06:39.489997"], ["updated_at", "2023-02-14 10:06:39.489997"]]
  [1m[36mTRANSACTION (0.3ms)[0m  [1m[35mCOMMIT[0m
  [1m[36mDay Load (0.4ms)[0m  [1m[34mSELECT "days".* FROM "days" WHERE "days"."date" = $1 AND "days"."real_estate_id" = $2 LIMIT $3[0m  [["date", "2023-03-01"], ["real_estate_id", 1], ["LIMIT", 1]]
  [1m[36mTRANSACTION (0.1ms)[0m  [1m[35mBEGIN[0m
  [1m[36mDay Create (0.2ms)[0m  [1m[32mINSERT INTO "days" ("date", "taken", "real_estate_id", "created_at", "updated_at") VALUES ($1, $2, $3, $4, $5) RETURNING "id"[0m  [["date", "2023-03-01"], ["taken", false], ["real_estate_id", 1], ["created_at", "2023-02-14 10:06:39.493651"], ["updated_at", "2023-02-14 10:06:39.493651"]]
  [1m[36mTRANSACTION (0.2ms)[0m  [1m[35mCOMMIT[0m
  [1m[36mDay Load (0.2ms)[0m  [1m[34mSELECT "days".* FROM "days" WHERE "days"."date" = $1 AND "days"."real_estate_id" = $2 LIMIT $3[0m  [["date", "2023-03-02"], ["real_estate_id", 1], ["LIMIT", 1]]
  [1m[36mTRANSACTION (0.1ms)[0m  [1m[35mBEGIN[0m
  [1m[36mDay Create (0.2ms)[0m  [1m[32mINSERT INTO "days" ("date", "taken", "real_estate_id", "created_at", "updated_at") VALUES ($1, $2, $3, $4, $5) RETURNING "id"[0m  [["date", "2023-03-02"], ["taken", false], ["real_estate_id", 1], ["created_at", "2023-02-14 10:06:39.497073"], ["updated_at", "2023-02-14 10:06:39.497073"]]
  [1m[36mTRANSACTION (0.3ms)[0m  [1m[35mCOMMIT[0m
  [1m[36mDay Load (0.2ms)[0m  [1m[34mSELECT "days".* FROM "days" WHERE "days"."date" = $1 AND "days"."real_estate_id" = $2 LIMIT $3[0m  [["date", "2023-03-03"], ["real_estate_id", 1], ["LIMIT", 1]]
  [1m[36mTRANSACTION (0.1ms)[0m  [1m[35mBEGIN[0m
  [1m[36mDay Create (0.4ms)[0m  [1m[32mINSERT INTO "days" ("date", "taken", "real_estate_id", "created_at", "updated_at") VALUES ($1, $2, $3, $4, $5) RETURNING "id"[0m  [["date", "2023-03-03"], ["taken", false], ["real_estate_id", 1], ["created_at", "2023-02-14 10:06:39.500526"], ["updated_at", "2023-02-14 10:06:39.500526"]]
  [1m[36mTRANSACTION (0.2ms)[0m  [1m[35mCOMMIT[0m
  [1m[36mDay Load (0.2ms)[0m  [1m[34mSELECT "days".* FROM "days" WHERE "days"."date" = $1 AND "days"."real_estate_id" = $2 LIMIT $3[0m  [["date", "2023-03-04"], ["real_estate_id", 1], ["LIMIT", 1]]
  [1m[36mTRANSACTION (0.1ms)[0m  [1m[35mBEGIN[0m
  [1m[36mDay Create (0.2ms)[0m  [1m[32mINSERT INTO "days" ("date", "taken", "real_estate_id", "created_at", "updated_at") VALUES ($1, $2, $3, $4, $5) RETURNING "id"[0m  [["date", "2023-03-04"], ["taken", false], ["real_estate_id", 1], ["created_at", "2023-02-14 10:06:39.504206"], ["updated_at", "2023-02-14 10:06:39.504206"]]
  [1m[36mTRANSACTION (0.3ms)[0m  [1m[35mCOMMIT[0m
  [1m[36mDay Load (0.1ms)[0m  [1m[34mSELECT "days".* FROM "days" WHERE "days"."date" = $1 AND "days"."real_estate_id" = $2 LIMIT $3[0m  [["date", "2023-03-05"], ["real_estate_id", 1], ["LIMIT", 1]]
  [1m[36mTRANSACTION (0.5ms)[0m  [1m[35mBEGIN[0m
  [1m[36mDay Create (0.3ms)[0m  [1m[32mINSERT INTO "days" ("date", "taken", "real_estate_id", "created_at", "updated_at") VALUES ($1, $2, $3, $4, $5) RETURNING "id"[0m  [["date", "2023-03-05"], ["taken", false], ["real_estate_id", 1], ["created_at", "2023-02-14 10:06:39.507564"], ["updated_at", "2023-02-14 10:06:39.507564"]]
  [1m[36mTRANSACTION (0.2ms)[0m  [1m[35mCOMMIT[0m
  [1m[36mDay Load (0.1ms)[0m  [1m[34mSELECT "days".* FROM "days" WHERE "days"."date" = $1 AND "days"."real_estate_id" = $2 LIMIT $3[0m  [["date", "2023-03-06"], ["real_estate_id", 1], ["LIMIT", 1]]
  [1m[36mTRANSACTION (0.1ms)[0m  [1m[35mBEGIN[0m
  [1m[36mDay Create (0.2ms)[0m  [1m[32mINSERT INTO "days" ("date", "taken", "real_estate_id", "created_at", "updated_at") VALUES ($1, $2, $3, $4, $5) RETURNING "id"[0m  [["date", "2023-03-06"], ["taken", false], ["real_estate_id", 1], ["created_at", "2023-02-14 10:06:39.511550"], ["updated_at", "2023-02-14 10:06:39.511550"]]
  [1m[36mTRANSACTION (0.1ms)[0m  [1m[35mCOMMIT[0m
  [1m[36mDay Load (0.2ms)[0m  [1m[34mSELECT "days".* FROM "days"[0m
  [1m[36mTRANSACTION (0.1ms)[0m  [1m[35mBEGIN[0m
  [1m[36mRealEstate Load (0.2ms)[0m  [1m[34mSELECT "real_estates".* FROM "real_estates" WHERE "real_estates"."id" = $1 LIMIT $2[0m  [["id", 1], ["LIMIT", 1]]
  [1m[36mDay Update (0.3ms)[0m  [1m[33mUPDATE "days" SET "taken" = $1, "updated_at" = $2 WHERE "days"."id" = $3[0m  [["taken", true], ["updated_at", "2023-02-14 10:06:39.525517"], ["id", 11]]
  [1m[36mTRANSACTION (0.2ms)[0m  [1m[35mCOMMIT[0m
